<?xml version="1.0" encoding="UTF-8"?>
<coverage generated="1687456316203" clover="3.2.0">
  <project timestamp="1687456316204" name="All files">
    <metrics statements="1" coveredstatements="1" conditionals="0" coveredconditionals="0" methods="2" coveredmethods="1" elements="3" coveredelements="2" complexity="0" loc="1" ncloc="1" packages="1" files="1" classes="1"/>
    <file name="dayOfWeek.js" path="/Users/lindsay/Desktop/epicodus/day-of-week/src/dayOfWeek.js">
      <metrics statements="1" coveredstatements="1" conditionals="0" coveredconditionals="0" methods="2" coveredmethods="1"/>
      <line num="3" count="1" type="stmt"/>
    </file>
  </project>
</coverage>
