<?xml version="1.0" encoding="UTF-8"?>
<coverage generated="1687460414536" clover="3.2.0">
  <project timestamp="1687460414536" name="All files">
    <metrics statements="19" coveredstatements="8" conditionals="7" coveredconditionals="1" methods="2" coveredmethods="2" elements="28" coveredelements="11" complexity="0" loc="19" ncloc="19" packages="1" files="1" classes="1"/>
    <file name="dayOfWeek.js" path="/Users/lindsay/Desktop/epicodus/day-of-week/src/dayOfWeek.js">
      <metrics statements="19" coveredstatements="8" conditionals="7" coveredconditionals="1" methods="2" coveredmethods="2"/>
      <line num="3" count="5" type="stmt"/>
      <line num="4" count="5" type="stmt"/>
      <line num="8" count="1" type="stmt"/>
      <line num="9" count="1" type="stmt"/>
      <line num="10" count="1" type="cond" truecount="1" falsecount="6"/>
      <line num="12" count="1" type="stmt"/>
      <line num="13" count="1" type="stmt"/>
      <line num="15" count="0" type="stmt"/>
      <line num="16" count="0" type="stmt"/>
      <line num="18" count="0" type="stmt"/>
      <line num="19" count="0" type="stmt"/>
      <line num="21" count="0" type="stmt"/>
      <line num="22" count="0" type="stmt"/>
      <line num="24" count="0" type="stmt"/>
      <line num="25" count="0" type="stmt"/>
      <line num="27" count="0" type="stmt"/>
      <line num="28" count="0" type="stmt"/>
      <line num="30" count="0" type="stmt"/>
      <line num="31" count="1" type="stmt"/>
    </file>
  </project>
</coverage>
