{"/Users/lindsay/Desktop/epicodus/day-of-week/src/dayOfWeek.js": {"path":"/Users/lindsay/Desktop/epicodus/day-of-week/src/dayOfWeek.js","statementMap":{"0":{"start":{"line":3,"column":8},"end":{"line":3,"column":34}},"1":{"start":{"line":4,"column":8},"end":{"line":4,"column":37}},"2":{"start":{"line":8,"column":24},"end":{"line":8,"column":42}},"3":{"start":{"line":9,"column":24},"end":{"line":9,"column":26}},"4":{"start":{"line":10,"column":8},"end":{"line":31,"column":9}},"5":{"start":{"line":12,"column":16},"end":{"line":12,"column":37}},"6":{"start":{"line":13,"column":16},"end":{"line":13,"column":22}},"7":{"start":{"line":15,"column":16},"end":{"line":15,"column":37}},"8":{"start":{"line":16,"column":16},"end":{"line":16,"column":22}},"9":{"start":{"line":18,"column":16},"end":{"line":18,"column":38}},"10":{"start":{"line":19,"column":16},"end":{"line":19,"column":22}},"11":{"start":{"line":21,"column":16},"end":{"line":21,"column":40}},"12":{"start":{"line":22,"column":16},"end":{"line":22,"column":22}},"13":{"start":{"line":24,"column":16},"end":{"line":24,"column":39}},"14":{"start":{"line":25,"column":16},"end":{"line":25,"column":22}},"15":{"start":{"line":27,"column":16},"end":{"line":27,"column":37}},"16":{"start":{"line":28,"column":16},"end":{"line":28,"column":22}},"17":{"start":{"line":30,"column":16},"end":{"line":30,"column":39}},"18":{"start":{"line":31,"column":10},"end":{"line":31,"column":26}}},"fnMap":{"0":{"name":"(anonymous_0)","decl":{"start":{"line":2,"column":4},"end":{"line":2,"column":5}},"loc":{"start":{"line":2,"column":21},"end":{"line":5,"column":5}},"line":2},"1":{"name":"(anonymous_1)","decl":{"start":{"line":7,"column":4},"end":{"line":7,"column":5}},"loc":{"start":{"line":7,"column":16},"end":{"line":32,"column":5}},"line":7}},"branchMap":{"0":{"loc":{"start":{"line":10,"column":8},"end":{"line":31,"column":9}},"type":"switch","locations":[{"start":{"line":11,"column":12},"end":{"line":13,"column":22}},{"start":{"line":14,"column":12},"end":{"line":16,"column":22}},{"start":{"line":17,"column":12},"end":{"line":19,"column":22}},{"start":{"line":20,"column":12},"end":{"line":22,"column":22}},{"start":{"line":23,"column":12},"end":{"line":25,"column":22}},{"start":{"line":26,"column":12},"end":{"line":28,"column":22}},{"start":{"line":29,"column":12},"end":{"line":30,"column":39}}],"line":10}},"s":{"0":5,"1":5,"2":1,"3":1,"4":1,"5":1,"6":1,"7":0,"8":0,"9":0,"10":0,"11":0,"12":0,"13":0,"14":0,"15":0,"16":0,"17":0,"18":1},"f":{"0":5,"1":1},"b":{"0":[1,0,0,0,0,0,0]},"_coverageSchema":"43e27e138ebf9cfc5966b082cf9a028302ed4184","hash":"906f2bce7afa1539abc8829f71b709e0e5d65713"}
}
