{"/Users/lindsay/Desktop/epicodus/day-of-week/src/dayOfWeek.js": {"path":"/Users/lindsay/Desktop/epicodus/day-of-week/src/dayOfWeek.js","statementMap":{"0":{"start":{"line":3,"column":8},"end":{"line":3,"column":34}},"1":{"start":{"line":7,"column":24},"end":{"line":7,"column":42}},"2":{"start":{"line":8,"column":24},"end":{"line":8,"column":26}},"3":{"start":{"line":9,"column":8},"end":{"line":30,"column":9}},"4":{"start":{"line":11,"column":16},"end":{"line":11,"column":37}},"5":{"start":{"line":12,"column":16},"end":{"line":12,"column":22}},"6":{"start":{"line":14,"column":16},"end":{"line":14,"column":37}},"7":{"start":{"line":15,"column":16},"end":{"line":15,"column":22}},"8":{"start":{"line":17,"column":16},"end":{"line":17,"column":38}},"9":{"start":{"line":18,"column":16},"end":{"line":18,"column":22}},"10":{"start":{"line":20,"column":16},"end":{"line":20,"column":40}},"11":{"start":{"line":21,"column":16},"end":{"line":21,"column":22}},"12":{"start":{"line":23,"column":16},"end":{"line":23,"column":39}},"13":{"start":{"line":24,"column":16},"end":{"line":24,"column":22}},"14":{"start":{"line":26,"column":16},"end":{"line":26,"column":37}},"15":{"start":{"line":27,"column":16},"end":{"line":27,"column":22}},"16":{"start":{"line":29,"column":16},"end":{"line":29,"column":39}},"17":{"start":{"line":31,"column":8},"end":{"line":31,"column":24}}},"fnMap":{"0":{"name":"(anonymous_0)","decl":{"start":{"line":2,"column":4},"end":{"line":2,"column":5}},"loc":{"start":{"line":2,"column":21},"end":{"line":4,"column":5}},"line":2},"1":{"name":"(anonymous_1)","decl":{"start":{"line":6,"column":4},"end":{"line":6,"column":5}},"loc":{"start":{"line":6,"column":16},"end":{"line":32,"column":5}},"line":6}},"branchMap":{"0":{"loc":{"start":{"line":9,"column":8},"end":{"line":30,"column":9}},"type":"switch","locations":[{"start":{"line":10,"column":12},"end":{"line":12,"column":22}},{"start":{"line":13,"column":12},"end":{"line":15,"column":22}},{"start":{"line":16,"column":12},"end":{"line":18,"column":22}},{"start":{"line":19,"column":12},"end":{"line":21,"column":22}},{"start":{"line":22,"column":12},"end":{"line":24,"column":22}},{"start":{"line":25,"column":12},"end":{"line":27,"column":22}},{"start":{"line":28,"column":12},"end":{"line":29,"column":39}}],"line":9}},"s":{"0":5,"1":1,"2":1,"3":1,"4":1,"5":1,"6":0,"7":0,"8":0,"9":0,"10":0,"11":0,"12":0,"13":0,"14":0,"15":0,"16":0,"17":1},"f":{"0":5,"1":1},"b":{"0":[1,0,0,0,0,0,0]},"_coverageSchema":"43e27e138ebf9cfc5966b082cf9a028302ed4184","hash":"32a2eeb41f46d613c0d7ea3740b86677f2b0a793"}
}
